빌드 시작: 2015-05-10 오전 9:05:13
     1>2 노드의 "C:\Users\bacchus01\Desktop\ga-2015-1\hw2_windows\Project1\Project1\Project1.vcxproj" 프로젝트(Build 대상)입니다.
     1>ClCompile:
         C:\Program Files (x86)\Microsoft Visual Studio 12.0\VC\bin\CL.exe /c /ZI /nologo /W3 /WX- /sdl /Od /Oy- /D _MBCS /Gm /EHsc /RTC1 /MDd /GS /fp:precise /Zc:wchar_t /Zc:forScope /Fo"Debug\\" /Fd"Debug\vc120.pdb" /Gd /TP /analyze- /errorReport:prompt ..\ga.cpp ..\test_case.cpp
         test_case.cpp
         ga.cpp
     1>c:\users\bacchus01\desktop\ga-2015-1\hw2_windows\project1\ga.cpp(21): warning C4244: '초기화 중' : 'const double'에서 'const int'(으)로 변환하면서 데이터가 손실될 수 있습니다.
     1>c:\users\bacchus01\desktop\ga-2015-1\hw2_windows\project1\ga.cpp(935): warning C4244: '초기화 중' : 'const double'에서 'int'(으)로 변환하면서 데이터가 손실될 수 있습니다.
     1>c:\users\bacchus01\desktop\ga-2015-1\hw2_windows\project1\ga.cpp(936): warning C4244: '+=' : 'const double'에서 'int'(으)로 변환하면서 데이터가 손실될 수 있습니다.
     1>c:\users\bacchus01\desktop\ga-2015-1\hw2_windows\project1\ga.cpp(937): warning C4244: '-=' : 'const double'에서 'int'(으)로 변환하면서 데이터가 손실될 수 있습니다.
     1>c:\users\bacchus01\desktop\ga-2015-1\hw2_windows\project1\ga.cpp(938): warning C4244: '-=' : 'const double'에서 'int'(으)로 변환하면서 데이터가 손실될 수 있습니다.
     1>c:\users\bacchus01\desktop\ga-2015-1\hw2_windows\project1\ga.cpp(1078): warning C4244: '초기화 중' : 'const double'에서 'int'(으)로 변환하면서 데이터가 손실될 수 있습니다.
     1>c:\users\bacchus01\desktop\ga-2015-1\hw2_windows\project1\ga.cpp(1079): warning C4244: '+=' : 'const double'에서 'int'(으)로 변환하면서 데이터가 손실될 수 있습니다.
     1>c:\users\bacchus01\desktop\ga-2015-1\hw2_windows\project1\ga.cpp(1080): warning C4244: '-=' : 'const double'에서 'int'(으)로 변환하면서 데이터가 손실될 수 있습니다.
     1>c:\users\bacchus01\desktop\ga-2015-1\hw2_windows\project1\ga.cpp(1081): warning C4244: '-=' : 'const double'에서 'int'(으)로 변환하면서 데이터가 손실될 수 있습니다.
     1>c:\users\bacchus01\desktop\ga-2015-1\hw2_windows\project1\ga.cpp(1357): warning C4244: '인수' : 'time_t'에서 'unsigned int'(으)로 변환하면서 데이터가 손실될 수 있습니다.
         코드를 생성하고 있습니다...
       Link:
         C:\Program Files (x86)\Microsoft Visual Studio 12.0\VC\bin\link.exe /ERRORREPORT:PROMPT /OUT:"C:\Users\bacchus01\Desktop\ga-2015-1\hw2_windows\Project1\Debug\Project1.exe" /INCREMENTAL /NOLOGO kernel32.lib user32.lib gdi32.lib winspool.lib comdlg32.lib advapi32.lib shell32.lib ole32.lib oleaut32.lib uuid.lib odbc32.lib odbccp32.lib /MANIFEST /MANIFESTUAC:"level='asInvoker' uiAccess='false'" /manifest:embed /DEBUG /PDB:"C:\Users\bacchus01\Desktop\ga-2015-1\hw2_windows\Project1\Debug\Project1.pdb" /TLBID:1 /DYNAMICBASE /NXCOMPAT /IMPLIB:"C:\Users\bacchus01\Desktop\ga-2015-1\hw2_windows\Project1\Debug\Project1.lib" /MACHINE:X86 Debug\ga.obj
         Debug\test_case.obj
         Project1.vcxproj -> C:\Users\bacchus01\Desktop\ga-2015-1\hw2_windows\Project1\Debug\Project1.exe
     1>"C:\Users\bacchus01\Desktop\ga-2015-1\hw2_windows\Project1\Project1\Project1.vcxproj" 프로젝트를 빌드했습니다(Build 대상).

빌드했습니다.

경과 시간: 00:00:01.49
