0/150	23326.5
1/150	23289.7
2/150	23326.1
3/150	23300.2
4/150	23291.3
5/150	23330
6/150	23333.2
7/150	23334.8
8/150	23338.9
9/150	23307.5
10/150	23289.6
11/150	23306.7
12/150	23325.2
13/150	23296.4
14/150	23315.1
15/150	23306.2
16/150	23340
17/150	23304.9
18/150	23292
19/150	23355.1
20/150	23332.4
21/150	23293.4
22/150	23341.4
23/150	23307.8
24/150	23335
25/150	23353.9
26/150	23358.6
27/150	23365.9
28/150	23332.5
29/150	23356.5
30/150	23371.6
31/150	23340.8
32/150	23364.2
33/150	23326.4
34/150	23325.9
35/150	23352
36/150	23344.8
37/150	23360.8
38/150	23309.2
39/150	23321.7
40/150	23311.3
41/150	23307.3
42/150	23334.7
43/150	23336.5
44/150	23353.9
45/150	23354.9
46/150	23333.4
47/150	23281.8
48/150	23321
49/150	23295.7
50/150	23347
51/150	23335.6
52/150	23336.8
53/150	23349.9
54/150	23370.5
55/150	23323.6
56/150	23369.9
57/150	23352.8
58/150	23323.1
59/150	23318.4
60/150	23352
61/150	23344.1
62/150	23370.6
63/150	23344.8
64/150	23325.7
65/150	23352
66/150	23354.5
67/150	23338.3
68/150	23321.6
69/150	23348.4
70/150	23364.1
71/150	23340.8
72/150	23334.9
73/150	23351.2
74/150	23350.4
75/150	23334.2
76/150	23333.5
77/150	23322.7
78/150	23319.2
79/150	23337.7
80/150	23348.9
81/150	23349.4
82/150	23336.2
83/150	23351.6
84/150	23350.4
85/150	23359.9
86/150	23303.1
87/150	23373.8
88/150	23334.3
89/150	23354.3
90/150	23322.1
91/150	23299.3
92/150	23295.4
93/150	23305
94/150	23326
95/150	23325.8
96/150	23335
97/150	23345.2
98/150	23341.3
99/150	23324
100/150	23348.1
101/150	23333.9
102/150	23354.5
103/150	23315.4
104/150	23319.2
105/150	23321.6
106/150	23351.7
107/150	23328.2
108/150	23331
109/150	23255.3
110/150	23347.3
111/150	23311.6
112/150	23338
113/150	23280.7
114/150	23330.9
115/150	23313.2
116/150	23332.2
117/150	23374.5
118/150	23319.4
119/150	23317.8
120/150	23367.4
121/150	23328
122/150	23312.1
123/150	23316.5
124/150	23354.2
125/150	23333.9
126/150	23301
127/150	23290.9
128/150	23344.7
129/150	23339.9
130/150	23322.9
131/150	23307.6
132/150	23325.6
133/150	23343.9
134/150	23300.5
135/150	23367.1
136/150	23314.7
137/150	23297.7
138/150	23337.1
139/150	23297.3
140/150	23332.7
141/150	23330.7
142/150	23356
143/150	23321.7
144/150	23304.4
145/150	23367
146/150	23323.6
147/150	23351.1
148/150	23300.7
149/150	23327.4
