0/150	23355.7
1/150	23364.7
2/150	23351.1
3/150	23323.9
4/150	23330.4
5/150	23346.6
6/150	23350.8
7/150	23338.7
8/150	23313.8
9/150	23345.2
10/150	23286.6
11/150	23276.6
12/150	23334.4
13/150	23324.8
14/150	23227.7
15/150	23329.1
16/150	23329.5
17/150	23306.2
18/150	23359.9
19/150	23277.1
20/150	23348.2
21/150	23342.2
22/150	23331.3
23/150	23276.6
24/150	23335.1
25/150	23315.1
26/150	23367
27/150	23339.7
28/150	23340.6
29/150	23287
30/150	23348.8
31/150	23366.1
32/150	23317.2
33/150	23335.3
34/150	23334
35/150	23289.6
36/150	23298.5
37/150	23250.5
38/150	23339
39/150	23312
40/150	23323.2
41/150	23341.3
42/150	23270
43/150	23309.8
44/150	23314
45/150	23327.3
46/150	23340.3
47/150	23297.4
48/150	23335
49/150	23319.4
50/150	23319.4
51/150	23335
52/150	23359.2
53/150	23295.8
54/150	23329
55/150	23324.1
56/150	23334
57/150	23315.9
58/150	23349.3
59/150	23310.5
60/150	23341.2
61/150	23237.6
62/150	23368
63/150	23285.4
64/150	23358.1
65/150	23350.7
66/150	23302.5
67/150	23364.3
68/150	23357.1
69/150	23327.9
70/150	23333.6
71/150	23354.9
72/150	23349.7
73/150	23342.6
74/150	23312.9
75/150	23336.7
76/150	23296.7
77/150	23334.6
78/150	23332.6
79/150	23317.8
80/150	23337.4
81/150	23340.7
82/150	23286.8
83/150	23335.8
84/150	23354.4
85/150	23350.9
86/150	23330.9
87/150	23318.7
88/150	23311.4
89/150	23330.2
90/150	23364.7
91/150	23353.1
92/150	23352.7
93/150	23331
94/150	23349.7
95/150	23323.4
96/150	23357
97/150	23321.4
98/150	23375.2
99/150	23345.8
100/150	23321.3
101/150	23295.5
102/150	23304.6
103/150	23325.5
104/150	23277.3
105/150	23371
106/150	23329.4
107/150	23317.2
108/150	23281.5
109/150	23360.3
110/150	23332.2
111/150	23352.7
112/150	23322.3
113/150	23341.3
114/150	23362.5
115/150	23302.1
116/150	23325.8
117/150	23317.1
118/150	23328.9
119/150	23277.8
120/150	23332.9
121/150	23362.2
122/150	23349.5
123/150	23337.5
124/150	23314
125/150	23322.7
126/150	23326.2
127/150	23331.4
128/150	23358.9
129/150	23321.9
130/150	23310
131/150	23289.9
132/150	23321.7
133/150	23343.3
134/150	23342.2
135/150	23322.4
136/150	23366.4
137/150	23309.7
138/150	23316
139/150	23334.3
140/150	23315
141/150	23360.5
142/150	23333.1
143/150	23337.9
144/150	23290
145/150	23354.6
146/150	23310.9
147/150	23337.4
148/150	23336.4
149/150	23324.1
