0/150	23329.7
1/150	23336.7
2/150	23348.7
3/150	23368.1
4/150	23302
5/150	23377.1
6/150	23324.6
7/150	23343.5
8/150	23348.7
9/150	23337.8
10/150	23361
11/150	23366.8
12/150	23296.1
13/150	23309.4
14/150	23262.6
15/150	23319.3
16/150	23300.3
17/150	23329
18/150	23325.1
19/150	23325.7
20/150	23288.4
21/150	23346.8
22/150	23355.1
23/150	23283.2
24/150	23356.2
25/150	23307.9
26/150	23339
27/150	23291.4
28/150	23362.2
29/150	23321.2
30/150	23345.2
31/150	23276.2
32/150	23327.5
33/150	23344.5
34/150	23315.8
35/150	23313.3
36/150	23352.4
37/150	23340.4
38/150	23278.8
39/150	23269.8
40/150	23334
41/150	23326.4
42/150	23358.7
43/150	23344.6
44/150	23311.4
45/150	23339.6
46/150	23332.4
47/150	23348.1
48/150	23347.2
49/150	23281.7
50/150	23364
51/150	23353.7
52/150	23308.9
53/150	23315.8
54/150	23305.7
55/150	23340.2
56/150	23343.8
57/150	23302.4
58/150	23334.5
59/150	23321.5
60/150	23371.1
61/150	23297.3
62/150	23327.9
63/150	23315
64/150	23320.7
65/150	23345.3
66/150	23365.1
67/150	23314.8
68/150	23232.6
69/150	23313.2
70/150	23340.7
71/150	23367.1
72/150	23358.3
73/150	23312.1
74/150	23310.7
75/150	23283.3
76/150	23338.5
77/150	23324.9
78/150	23318.9
79/150	23352.4
80/150	23311.1
81/150	23345.6
82/150	23326
83/150	23358.8
84/150	23283.3
85/150	23279.6
86/150	23302.1
87/150	23353.8
88/150	23280.5
89/150	23294.3
90/150	23316.6
91/150	23337.9
92/150	23339.4
93/150	23308.4
94/150	23320.2
95/150	23283.3
96/150	23322
97/150	23328.6
98/150	23309.8
99/150	23319.1
100/150	23287.8
101/150	23355.3
102/150	23328.9
103/150	23338.8
104/150	23296.2
105/150	23322.3
106/150	23302.1
107/150	23298.9
108/150	23322.5
109/150	23293.1
110/150	23304.8
111/150	23322.8
112/150	23341.2
113/150	23321.1
114/150	23329.4
115/150	23346.1
116/150	23322.3
117/150	23345.5
118/150	23307.3
119/150	23351.7
120/150	23328.1
121/150	23338.6
122/150	23371.7
123/150	23342.7
124/150	23317.5
125/150	23303.2
126/150	23320.6
127/150	23301.8
128/150	23366
129/150	23338.6
130/150	23316.3
131/150	23316.1
132/150	23299.8
133/150	23347.3
134/150	23324.8
135/150	23346.1
136/150	23340.1
137/150	23317.8
138/150	23339.8
139/150	23336.9
140/150	23328.4
141/150	23373.7
142/150	23329.8
143/150	23360.1
144/150	23318.3
145/150	23352.2
146/150	23339.4
147/150	23339
148/150	23325.5
149/150	23358.2
