0/150	23325.6
1/150	23331.8
2/150	23320.9
3/150	23320.3
4/150	23342
5/150	23322.4
6/150	23332.9
7/150	23320.7
8/150	23288.4
9/150	23368.6
10/150	23287.9
11/150	23337.7
12/150	23372.3
13/150	23355.1
14/150	23303.6
15/150	23347.7
16/150	23288.2
17/150	23301.7
18/150	23291.5
19/150	23303.6
20/150	23334.8
21/150	23306.4
22/150	23348.1
23/150	23298.4
24/150	23357.5
25/150	23303.6
26/150	23348
27/150	23308.5
28/150	23345.8
29/150	23338
30/150	23309.6
31/150	23332.5
32/150	23320.3
33/150	23322.6
34/150	23323.6
35/150	23341.8
36/150	23310.6
37/150	23359.3
38/150	23353.7
39/150	23306.5
40/150	23324.3
41/150	23275.6
42/150	23298.5
43/150	23378.2
44/150	23314
45/150	23322
46/150	23324.3
47/150	23333
48/150	23349.4
49/150	23243
50/150	23318.4
51/150	23345
52/150	23291.9
53/150	23348.9
54/150	23354.1
55/150	23297.3
56/150	23306
57/150	23330.3
58/150	23342.1
59/150	23347.3
60/150	23351.3
61/150	23359.4
62/150	23317.2
63/150	23304.8
64/150	23319.4
65/150	23304.6
66/150	23356
67/150	23283.5
68/150	23323.1
69/150	23297.6
70/150	23300
71/150	23338.3
72/150	23361.1
73/150	23314
74/150	23292.3
75/150	23328
76/150	23338
77/150	23362
78/150	23333.9
79/150	23346.9
80/150	23359.2
81/150	23334.1
82/150	23325.3
83/150	23336.4
84/150	23330.8
85/150	23354.5
86/150	23345.3
87/150	23293
88/150	23282.8
89/150	23335.2
90/150	23298.3
91/150	23319.1
92/150	23317.4
93/150	23303.2
94/150	23333
95/150	23322.1
96/150	23340.7
97/150	23309.5
98/150	23288.4
99/150	23340
100/150	23262.4
101/150	23328.2
102/150	23349
103/150	23356.5
104/150	23307
105/150	23325.7
106/150	23306.9
107/150	23340.9
108/150	23286.9
109/150	23310.1
110/150	23311.1
111/150	23335.2
112/150	23355.5
113/150	23306.6
114/150	23349.2
115/150	23337.1
116/150	23332.2
117/150	23325.8
118/150	23330.3
119/150	23297.1
120/150	23343.8
121/150	23268.6
122/150	23319.7
123/150	23344.5
124/150	23341.6
125/150	23310.5
126/150	23361
127/150	23298.6
128/150	23319.9
129/150	23335.6
130/150	23357.5
131/150	23302.6
132/150	23351.7
133/150	23322.4
134/150	23346.7
135/150	23340.5
136/150	23303.2
137/150	23301.7
138/150	23348
139/150	23312.2
140/150	23347
141/150	23353.3
142/150	23331.1
143/150	23340.7
144/150	23351.8
145/150	23330.2
146/150	23336.9
147/150	23338.8
148/150	23303.2
149/150	23368.6
