0/150	23319.3
1/150	23351.6
2/150	23336
3/150	23301.1
4/150	23326.2
5/150	23355.6
6/150	23323.3
7/150	23316.8
8/150	23317.8
9/150	23340.8
10/150	23346.5
11/150	23314.6
12/150	23320.6
13/150	23339.2
14/150	23347.4
15/150	23326.1
16/150	23255
17/150	23355.6
18/150	23298.5
19/150	23327.4
20/150	23334.2
21/150	23322.3
22/150	23340
23/150	23318.3
24/150	23366.3
25/150	23350.3
26/150	23340.1
27/150	23318.2
28/150	23379.5
29/150	23365.7
30/150	23360.7
31/150	23339.3
32/150	23333
33/150	23309.6
34/150	23331.8
35/150	23347
36/150	23335.8
37/150	23319.3
38/150	23309.3
39/150	23351.2
40/150	23327.6
41/150	23343.1
42/150	23319.7
43/150	23300.5
44/150	23289.7
45/150	23307.1
46/150	23300.6
47/150	23369.7
48/150	23357
49/150	23281.7
50/150	23337
51/150	23342.9
52/150	23360.9
53/150	23292.7
54/150	23342
55/150	23356.9
56/150	23318.1
57/150	23330.3
58/150	23342.5
59/150	23303.8
60/150	23331.9
61/150	23358.7
62/150	23308.9
63/150	23292.4
64/150	23361.3
65/150	23331.7
66/150	23292.7
67/150	23317.8
68/150	23281.2
69/150	23340.1
70/150	23314.6
71/150	23306.2
72/150	23314.8
73/150	23335.6
74/150	23340
75/150	23326.6
76/150	23338.4
77/150	23312.1
78/150	23285.3
79/150	23329.7
80/150	23327.2
81/150	23346.1
82/150	23281.6
83/150	23312.3
84/150	23378.3
85/150	23326.8
86/150	23318.4
87/150	23321.8
88/150	23353.1
89/150	23333.3
90/150	23335.9
91/150	23326.3
92/150	23329.1
93/150	23279.1
94/150	23341.7
95/150	23333.9
96/150	23312.4
97/150	23358
98/150	23332.3
99/150	23320.5
100/150	23352.7
101/150	23339.3
102/150	23313.2
103/150	23294.8
104/150	23333.2
105/150	23296.6
106/150	23331.4
107/150	23347.1
108/150	23285.5
109/150	23321.3
110/150	23341
111/150	23321.2
112/150	23321
113/150	23314.9
114/150	23323.5
115/150	23315.2
116/150	23328.4
117/150	23257.8
118/150	23324
119/150	23316.5
120/150	23345.6
121/150	23328.4
122/150	23316.1
123/150	23325.4
124/150	23306.5
125/150	23323.6
126/150	23333
127/150	23297.9
128/150	23346.7
129/150	23315.2
130/150	23355.1
131/150	23350.5
132/150	23306.5
133/150	23331.3
134/150	23319
135/150	23302.3
136/150	23307.6
137/150	23342
138/150	23378.4
139/150	23327.3
140/150	23375.4
141/150	23292.8
142/150	23305.8
143/150	23340.3
144/150	23322
145/150	23312.9
146/150	23343.2
147/150	23282.1
148/150	23371
149/150	23289.7
