0/150	23317
1/150	23339.3
2/150	23363.2
3/150	23303.5
4/150	23318.1
5/150	23339.6
6/150	23300.5
7/150	23364.5
8/150	23300.5
9/150	23288.5
10/150	23336.8
11/150	23328.7
12/150	23311.2
13/150	23333.7
14/150	23327.3
15/150	23347.3
16/150	23356.5
17/150	23336.4
18/150	23326.4
19/150	23332.7
20/150	23349.9
21/150	23362.2
22/150	23368.9
23/150	23345
24/150	23322
25/150	23301.7
26/150	23283.5
27/150	23331.8
28/150	23344.9
29/150	23262.4
30/150	23328.4
31/150	23306.9
32/150	23313.4
33/150	23333.6
34/150	23343.7
35/150	23273.7
36/150	23337.4
37/150	23325.5
38/150	23317.7
39/150	23309.7
40/150	23348.9
41/150	23349.9
42/150	23337.2
43/150	23303.6
44/150	23348.5
45/150	23346.3
46/150	23306.3
47/150	23347.1
48/150	23298.5
49/150	23351.3
50/150	23299.5
51/150	23332.8
52/150	23330.7
53/150	23326.3
54/150	23338.2
55/150	23337.2
56/150	23284.3
57/150	23322.6
58/150	23312.7
59/150	23345
60/150	23356.1
61/150	23365
62/150	23374.1
63/150	23333.3
64/150	23308.2
65/150	23316.4
66/150	23293.2
67/150	23307.1
68/150	23325.4
69/150	23337.1
70/150	23289.9
71/150	23376.2
72/150	23313.9
73/150	23359.2
74/150	23319.3
75/150	23354.3
76/150	23346
77/150	23358.8
78/150	23310.5
79/150	23345.3
80/150	23325.4
81/150	23323
82/150	23341.5
83/150	23354
84/150	23333.9
85/150	23345.7
86/150	23282.1
87/150	23342
88/150	23355.9
89/150	23329.1
90/150	23309.8
91/150	23317.1
92/150	23324.9
93/150	23353.6
94/150	23339.2
95/150	23342.2
96/150	23333.1
97/150	23351.8
98/150	23327.8
99/150	23353.2
100/150	23346.2
101/150	23296.9
102/150	23334.3
103/150	23306.4
104/150	23338.2
105/150	23334.4
106/150	23336.2
107/150	23316.3
108/150	23347.1
109/150	23318.7
110/150	23313.1
111/150	23358.4
112/150	23351.3
113/150	23341.3
114/150	23281.3
115/150	23375.8
116/150	23335.1
117/150	23325.3
118/150	23335.1
119/150	23317.5
120/150	23340.3
121/150	23323.2
122/150	23318.8
123/150	23335.5
124/150	23308.5
125/150	23314.2
126/150	23317.6
127/150	23364
128/150	23225.8
129/150	23334.2
130/150	23298.9
131/150	23326
132/150	23337.5
133/150	23298.3
134/150	23350.5
135/150	23295.9
136/150	23357.6
137/150	23348.3
138/150	23288.1
139/150	23295.9
140/150	23309.7
141/150	23300.4
142/150	23314.6
143/150	23346.7
144/150	23328.9
145/150	23303.5
146/150	23341.9
147/150	23288.8
148/150	23363.5
149/150	23304.6
