0/150	23345.3
1/150	23356.2
2/150	23381.1
3/150	23342.1
4/150	23356.9
5/150	23339.7
6/150	23315
7/150	23344.2
8/150	23321.8
9/150	23284.9
10/150	23342.7
11/150	23328.9
12/150	23352.8
13/150	23304.3
14/150	23311.7
15/150	23329.3
16/150	23316.7
17/150	23335.1
18/150	23361.3
19/150	23351.4
20/150	23343.7
21/150	23356.4
22/150	23337.5
23/150	23305.2
24/150	23304.8
25/150	23343.9
26/150	23327.1
27/150	23347.3
28/150	23298.7
29/150	23335.2
30/150	23311.3
31/150	23332.8
32/150	23325.6
33/150	23296.9
34/150	23353.9
35/150	23327
36/150	23328.4
37/150	23322.8
38/150	23363.4
39/150	23331
40/150	23307.1
41/150	23301.7
42/150	23291.3
43/150	23323.6
44/150	23294.4
45/150	23351.6
46/150	23323.1
47/150	23329.7
48/150	23324.4
49/150	23333.5
50/150	23365.6
51/150	23312.4
52/150	23384.7
53/150	23349.5
54/150	23339.5
55/150	23337.7
56/150	23242.1
57/150	23361.7
58/150	23330.9
59/150	23335.4
60/150	23352.8
61/150	23315.9
62/150	23312.7
63/150	23317.6
64/150	23303.5
65/150	23357.5
66/150	23302.1
67/150	23277.6
68/150	23316.5
69/150	23329.7
70/150	23307.9
71/150	23355.9
72/150	23369.4
73/150	23339.5
74/150	23330.8
75/150	23344.1
76/150	23353.6
77/150	23329.6
78/150	23342
79/150	23336.2
80/150	23287.7
81/150	23295.6
82/150	23354.3
83/150	23336.8
84/150	23332
85/150	23302.6
86/150	23318.5
87/150	23313.3
88/150	23320.8
89/150	23329
90/150	23320.9
91/150	23344.7
92/150	23350.9
93/150	23350.7
94/150	23340.4
95/150	23277.5
96/150	23310
97/150	23341.2
98/150	23318.9
99/150	23314.1
100/150	23341.1
101/150	23332.1
102/150	23329.4
103/150	23334
104/150	23326.4
105/150	23324.8
106/150	23358.3
107/150	23312.2
108/150	23361.2
109/150	23342.3
110/150	23321.6
111/150	23330.9
112/150	23314.9
113/150	23345.7
114/150	23314.3
115/150	23325.4
116/150	23360.7
117/150	23365.7
118/150	23338.9
119/150	23270.9
120/150	23318
121/150	23315.2
122/150	23309.1
123/150	23343.2
124/150	23338.7
125/150	23340
126/150	23354.7
127/150	23326.4
128/150	23355.5
129/150	23328.3
130/150	23302
131/150	23333.9
132/150	23358.8
133/150	23297.7
134/150	23318
135/150	23341.6
136/150	23304.7
137/150	23347.1
138/150	23327.6
139/150	23342.5
140/150	23349.4
141/150	23315.3
142/150	23316.1
143/150	23321.3
144/150	23370.8
145/150	23296.9
146/150	23338.5
147/150	23306.3
148/150	23292.4
149/150	23308.2
