0/150	23312.6
1/150	23328.2
2/150	23338
3/150	23349.2
4/150	23326.3
5/150	23309.3
6/150	23332.6
7/150	23335.2
8/150	23357.3
9/150	23342.3
10/150	23331.6
11/150	23335.5
12/150	23338.9
13/150	23329.9
14/150	23370.4
15/150	23305.9
16/150	23309.6
17/150	23345.5
18/150	23354.1
19/150	23330.3
20/150	23324.4
21/150	23295.3
22/150	23313.4
23/150	23374.2
24/150	23349.1
25/150	23286.4
26/150	23309.5
27/150	23337.2
28/150	23343.8
29/150	23300.1
30/150	23333.4
31/150	23333.6
32/150	23288.8
33/150	23324.6
34/150	23319
35/150	23316.1
36/150	23319.8
37/150	23322.5
38/150	23308.5
39/150	23345.2
40/150	23344.4
41/150	23316.2
42/150	23314.1
43/150	23332.6
44/150	23336.6
45/150	23338.1
46/150	23327.9
47/150	23320.7
48/150	23326.1
49/150	23302.5
50/150	23358
51/150	23334.8
52/150	23325
53/150	23314.3
54/150	23356.3
55/150	23196.2
56/150	23323.8
57/150	23332.7
58/150	23338.9
59/150	23335.9
60/150	23359.7
61/150	23308.2
62/150	23332.9
63/150	23352
64/150	23340.2
65/150	23382.9
66/150	23322.7
67/150	23362.7
68/150	23354.4
69/150	23299.1
70/150	23348.6
71/150	23313.4
72/150	23371.6
73/150	23361.2
74/150	23326.1
75/150	23360.4
76/150	23347.3
77/150	23311.1
78/150	23341.7
79/150	23365.7
80/150	23268.3
81/150	23275.3
82/150	23358.7
83/150	23358
84/150	23323.3
85/150	23361.7
86/150	23349.5
87/150	23379.3
88/150	23329.5
89/150	23326.3
90/150	23301.9
91/150	23347.1
92/150	23347.1
93/150	23321.6
94/150	23321.4
95/150	23301
96/150	23356.1
97/150	23320.7
98/150	23301
99/150	23314.6
100/150	23328.3
101/150	23319.7
102/150	23356.2
103/150	23328.8
104/150	23352.9
105/150	23328.4
106/150	23387
107/150	23340.4
108/150	23358.4
109/150	23349.5
110/150	23355.5
111/150	23356
112/150	23333.7
113/150	23334.2
114/150	23320.9
115/150	23309
116/150	23325.2
117/150	23329.9
118/150	23361
119/150	23326.1
120/150	23338.3
121/150	23333
122/150	23313.9
123/150	23360.3
124/150	23330.9
125/150	23337.3
126/150	23318.4
127/150	23290
128/150	23359.2
129/150	23362.1
130/150	23379.7
131/150	23328.2
132/150	23315.4
133/150	23316.5
134/150	23376.1
135/150	23324.7
136/150	23330.2
137/150	23318.2
138/150	23325.1
139/150	23349.7
140/150	23321.5
141/150	23312.5
142/150	23355.8
143/150	23325.8
144/150	23306.8
145/150	23309.6
146/150	23311.4
147/150	23355.6
148/150	23352.3
149/150	23326.8
