0/150	23347.9
1/150	23337.6
2/150	23336.2
3/150	23298.8
4/150	23340.4
5/150	23337.7
6/150	23360.3
7/150	23290.2
8/150	23320.1
9/150	23281.1
10/150	23327.7
11/150	23330.4
12/150	23350
13/150	23358.8
14/150	23356.1
15/150	23348
16/150	23361.3
17/150	23354.9
18/150	23326.4
19/150	23358.3
20/150	23331.7
21/150	23339.9
22/150	23348.4
23/150	23318.7
24/150	23354.1
25/150	23331.9
26/150	23327.7
27/150	23344.6
28/150	23325.7
29/150	23331.1
30/150	23354.9
31/150	23357.4
32/150	23355.4
33/150	23332.1
34/150	23373.7
35/150	23333.5
36/150	23340.2
37/150	23334.8
38/150	23353.7
39/150	23364.8
40/150	23330.6
41/150	23340.7
42/150	23304.6
43/150	23342.9
44/150	23314.2
45/150	23340.7
46/150	23307.7
47/150	23284.7
48/150	23323.7
49/150	23320.9
50/150	23312.1
51/150	23351.5
52/150	23341.3
53/150	23314.2
54/150	23344.5
55/150	23298.8
56/150	23321.3
57/150	23298.4
58/150	23331.1
59/150	23339.8
60/150	23362.8
61/150	23285.5
62/150	23372.3
63/150	23332.1
64/150	23309.7
65/150	23307.3
66/150	23353.3
67/150	23326
68/150	23331.2
69/150	23361
70/150	23323
71/150	23377.4
72/150	23336.1
73/150	23266
74/150	23365.2
75/150	23355.3
76/150	23307.3
77/150	23324.8
78/150	23330
79/150	23328.5
80/150	23322
81/150	23325.2
82/150	23330.8
83/150	23337.3
84/150	23350.5
85/150	23312.2
86/150	23305.6
87/150	23344.2
88/150	23345.1
89/150	23359.2
90/150	23328.8
91/150	23338
92/150	23320.8
93/150	23351.7
94/150	23333.8
95/150	23350.1
96/150	23346.1
97/150	23321.2
98/150	23337
99/150	23319.3
100/150	23320.1
101/150	23311
102/150	23350.9
103/150	23352.6
104/150	23370.7
105/150	23364.3
106/150	23323.6
107/150	23329.3
108/150	23357.9
109/150	23354.8
110/150	23342.5
111/150	23327.5
112/150	23302.9
113/150	23369.5
114/150	23270.1
115/150	23313.6
116/150	23360.3
117/150	23321.9
118/150	23374.6
119/150	23290.7
120/150	23337.1
121/150	23341.9
122/150	23350.1
123/150	23359.3
124/150	23318
125/150	23297.2
126/150	23312.8
127/150	23358.5
128/150	23323
129/150	23294.7
130/150	23362.9
131/150	23347.6
132/150	23327
133/150	23332.3
134/150	23313.9
135/150	23355.6
136/150	23310.8
137/150	23355.8
138/150	23343.3
139/150	23320.3
140/150	23335.7
141/150	23337.9
142/150	23311.1
143/150	23329.1
144/150	23313.6
145/150	23336.5
146/150	23360.7
147/150	23341.2
148/150	23335.7
149/150	23315.4
