23550.7
23512.1
23492.8
23444
23536.2
23553.4
23596.8
23540.2
23532.6
23507.3
23451.7
23461.8
23587.5
23433
23601.3
23361.4
23504.8
23395.1
23465
23433.6
23485.7
23472.9
23543.9
23499.3
23551
23447.8
23365
23541.3
23616.3
23512.3
23497.4
23620.3
23613.1
23475.1
23461.1
23545
23457.1
23406.6
23537
23575.5
23506.8
23444.6
23367.3
23516.3
23437.7
23494.4
23438.4
23611.1
23392.2
23497.3
23409.8
23558.5
23553.6
23484.8
23547.1
23447.1
23463.5
23507.2
23382.4
23502.7
23523.9
23480.6
23555.3
23489.8
23411.9
23448.1
23441.9
23478.1
23463.7
23501
23565.8
23546.6
23380.3
23427.8
23451.8
23397.3
23542
23386.8
23511.9
23583.4
23410
23560.9
23455.8
23590.8
23584.9
23470.3
23498.6
23357.8
23540.1
23536.5
23438.9
23585
23542.3
23386.9
23457.3
23497.9
23497.4
23465.2
23490
23625.3
