0/150	23347.9
1/150	23307.1
2/150	23347.2
3/150	23358.2
4/150	23370.2
5/150	23345.3
6/150	23346.2
7/150	23332.7
8/150	23316.7
9/150	23313
10/150	23350.5
11/150	23333.4
12/150	23326.7
13/150	23286.9
14/150	23312.2
15/150	23322.5
16/150	23348.5
17/150	23297.2
18/150	23335.8
19/150	23333.6
20/150	23341.3
21/150	23306.8
22/150	23357.4
23/150	23369.2
24/150	23373.9
25/150	23360.4
26/150	23289.9
27/150	23360.4
28/150	23351.2
29/150	23221.8
30/150	23304.7
31/150	23337.7
32/150	23339.6
33/150	23305.6
34/150	23345.3
35/150	23312.5
36/150	23292.8
37/150	23380.1
38/150	23353.5
39/150	23345.6
40/150	23351.7
41/150	23317.7
42/150	23320.2
43/150	23346.8
44/150	23331
45/150	23304.6
46/150	23266.3
47/150	23283.5
48/150	23322.5
49/150	23341
50/150	23352.4
51/150	23339.3
52/150	23352
53/150	23347.5
54/150	23335.4
55/150	23304.3
56/150	23316.5
57/150	23348.4
58/150	23300.9
59/150	23310.6
60/150	23359.4
61/150	23296.4
62/150	23306.3
63/150	23291.2
64/150	23305.1
65/150	23342.9
66/150	23322.3
67/150	23279.8
68/150	23335.2
69/150	23249.4
70/150	23283.9
71/150	23354.3
72/150	23326.2
73/150	23319.5
74/150	23329.6
75/150	23369.9
76/150	23320.2
77/150	23327.8
78/150	23327.9
79/150	23297.8
80/150	23348.4
81/150	23310.6
82/150	23280.1
83/150	23325.5
84/150	23351.5
85/150	23349
86/150	23339.8
87/150	23335
88/150	23341.4
89/150	23357.4
90/150	23339.3
91/150	23317.8
92/150	23301.2
93/150	23359.5
94/150	23282.3
95/150	23351
96/150	23326.7
97/150	23307.3
98/150	23351.8
99/150	23324.5
100/150	23340
101/150	23342.5
102/150	23320.1
103/150	23372.7
104/150	23344.9
105/150	23291.4
106/150	23331.6
107/150	23360.4
108/150	23360.6
109/150	23359.3
110/150	23310
111/150	23331.6
112/150	23296.1
113/150	23345.7
114/150	23303.3
115/150	23307.1
116/150	23355.8
117/150	23317.7
118/150	23351.3
119/150	23250.3
120/150	23311.3
121/150	23352.7
122/150	23359.9
123/150	23276.7
124/150	23338.3
125/150	23341.4
126/150	23342.3
127/150	23323.4
128/150	23343.8
129/150	23333.8
130/150	23317.3
131/150	23289.3
132/150	23315.7
133/150	23315.8
134/150	23352.1
135/150	23342.6
136/150	23339.6
137/150	23315.7
138/150	23328.9
139/150	23343
140/150	23344.2
141/150	23382.8
142/150	23330.5
143/150	23320.4
144/150	23311.9
145/150	23378.2
146/150	23263.6
147/150	23334.8
148/150	23313.6
149/150	23383.9
