0/150	23356.9
1/150	23359.3
2/150	23315.7
3/150	23361.8
4/150	23318.6
5/150	23335.6
6/150	23299
7/150	23356.1
8/150	23309.7
9/150	23331.2
10/150	23336.3
11/150	23350.2
12/150	23321.1
13/150	23315.4
14/150	23313.8
15/150	23313.4
16/150	23339.5
17/150	23348.2
18/150	23269.5
19/150	23329.1
20/150	23342.1
21/150	23298.5
22/150	23327
23/150	23303.2
24/150	23304.6
25/150	23262.9
26/150	23296
27/150	23296.9
28/150	23332.5
29/150	23344.9
30/150	23333.7
31/150	23372.4
32/150	23341.9
33/150	23318.3
34/150	23348.9
35/150	23355.7
36/150	23326.3
37/150	23300.6
38/150	23355.4
39/150	23347.4
40/150	23307.3
41/150	23336.2
42/150	23328.8
43/150	23347.3
44/150	23342.3
45/150	23324
46/150	23314.1
47/150	23296.6
48/150	23326.1
49/150	23331
50/150	23351.4
51/150	23328.2
52/150	23283.9
53/150	23362.1
54/150	23298
55/150	23338.1
56/150	23293.1
57/150	23307.6
58/150	23358
59/150	23295.9
60/150	23330.9
61/150	23348.6
62/150	23317.1
63/150	23328.6
64/150	23309.8
65/150	23348.1
66/150	23356.5
67/150	23295
68/150	23331.8
69/150	23288.7
70/150	23322.7
71/150	23310.7
72/150	23320.5
73/150	23300.8
74/150	23307.1
75/150	23297.1
76/150	23261.5
77/150	23314.6
78/150	23292.4
79/150	23303.9
80/150	23354.1
81/150	23335.8
82/150	23286.3
83/150	23288.2
84/150	23324
85/150	23340.7
86/150	23285.7
87/150	23365.5
88/150	23334.7
89/150	23315.8
90/150	23313.3
91/150	23331.3
92/150	23311.4
93/150	23336.8
94/150	23264.3
95/150	23306.6
96/150	23344.8
97/150	23339.6
98/150	23284
99/150	23304.6
100/150	23368
101/150	23334.9
102/150	23319.1
103/150	23293.2
104/150	23257.2
105/150	23301.2
106/150	23315
107/150	23315.2
108/150	23322.2
109/150	23370.9
110/150	23311.2
111/150	23373.2
112/150	23324.7
113/150	23330.5
114/150	23323
115/150	23331.9
116/150	23338.7
117/150	23332.8
118/150	23324.2
119/150	23318.4
120/150	23322
121/150	23333.6
122/150	23334.9
123/150	23353.6
124/150	23344.2
125/150	23328.9
126/150	23312.6
127/150	23381.1
128/150	23350.1
129/150	23333.4
130/150	23283
131/150	23340
132/150	23330.6
133/150	23320.7
134/150	23297.9
135/150	23361.6
136/150	23304.4
137/150	23341.9
138/150	23365.1
139/150	23334.6
140/150	23360.7
141/150	23327.4
142/150	23360.6
143/150	23337.2
144/150	23340.8
145/150	23338.3
146/150	23356.5
147/150	23362.1
148/150	23315.5
149/150	23311.5
