0/150	23354.6
1/150	23301.1
2/150	23330.5
3/150	23353.7
4/150	23345.8
5/150	23304.7
6/150	23363.5
7/150	23338.7
8/150	23339.8
9/150	23362
10/150	23300.1
11/150	23308.1
12/150	23321.7
13/150	23323.3
14/150	23337.1
15/150	23346.9
16/150	23301.4
17/150	23342.2
18/150	23341.3
19/150	23357.3
20/150	23286.3
21/150	23324.9
22/150	23359.3
23/150	23328.7
24/150	23355.6
25/150	23347.9
26/150	23339.1
27/150	23290.9
28/150	23288.5
29/150	23351
30/150	23320.4
31/150	23311.3
32/150	23331
33/150	23240.9
34/150	23318.4
35/150	23367.2
36/150	23376.7
37/150	23299
38/150	23309.2
39/150	23317.7
40/150	23352
41/150	23337.1
42/150	23322
43/150	23337.6
44/150	23329.5
45/150	23302.7
46/150	23293.1
47/150	23331.8
48/150	23319.7
49/150	23256.1
50/150	23367.7
51/150	23251.5
52/150	23317.3
53/150	23342.3
54/150	23340.6
55/150	23347.9
56/150	23342.2
57/150	23330.3
58/150	23329.8
59/150	23358
60/150	23325.7
61/150	23345.3
62/150	23312.8
63/150	23309.2
64/150	23310.6
65/150	23343.9
66/150	23325.7
67/150	23310.2
68/150	23322.5
69/150	23305.5
70/150	23340.7
71/150	23297
72/150	23316.9
73/150	23316.3
74/150	23305.5
75/150	23323.8
76/150	23329
77/150	23332
78/150	23346.9
79/150	23338
80/150	23337.6
81/150	23327.7
82/150	23326.9
83/150	23310.6
84/150	23313.1
85/150	23338.6
86/150	23347.5
87/150	23336.7
88/150	23332.8
89/150	23342.5
90/150	23344.6
91/150	23315.9
92/150	23304.2
93/150	23320.2
94/150	23343.8
95/150	23339.3
96/150	23322.1
97/150	23343.2
98/150	23288
99/150	23304.9
100/150	23356.4
101/150	23286
102/150	23334.2
103/150	23321.6
104/150	23334.5
105/150	23288.4
106/150	23340.9
107/150	23345.9
108/150	23368.3
109/150	23351.9
110/150	23353.2
111/150	23348.9
112/150	23354.6
113/150	23329.2
114/150	23318.7
115/150	23312.2
116/150	23330.6
117/150	23313.8
118/150	23313.7
119/150	23345.1
120/150	23378.2
121/150	23334.7
122/150	23312
123/150	23309.7
124/150	23292.6
125/150	23338.6
126/150	23290.8
127/150	23277
128/150	23336.1
129/150	23327.4
130/150	23331.3
131/150	23321.2
132/150	23347.4
133/150	23325.3
134/150	23310
135/150	23332.7
136/150	23360.3
137/150	23348.8
138/150	23357.5
139/150	23370.2
140/150	23325.1
141/150	23368.7
142/150	23289.5
143/150	23272.7
144/150	23363.9
145/150	23363.1
146/150	23344.5
147/150	23299.9
148/150	23342.9
149/150	23318.7
