0/150	23338.6
1/150	23353.7
2/150	23367.7
3/150	23322.9
4/150	23337.8
5/150	23324.6
6/150	23361.7
7/150	23365.6
8/150	23346.5
9/150	23302.8
10/150	23333.8
11/150	23334.5
12/150	23294.7
13/150	23358.7
14/150	23344.5
15/150	23298
16/150	23282.5
17/150	23354.5
18/150	23265.4
19/150	23320.5
20/150	23301.7
21/150	23368
22/150	23319.2
23/150	23304.5
24/150	23370.3
25/150	23291.1
26/150	23345.1
27/150	23335.7
28/150	23297.1
29/150	23386.4
30/150	23300.3
31/150	23323.3
32/150	23349
33/150	23332
34/150	23322
35/150	23328.2
36/150	23343.1
37/150	23335.3
38/150	23325.9
39/150	23304
40/150	23332.8
41/150	23342.5
42/150	23311.7
43/150	23347.9
44/150	23347.2
45/150	23342.2
46/150	23349.5
47/150	23318
48/150	23359.3
49/150	23375.3
50/150	23383.5
51/150	23352.8
52/150	23323.6
53/150	23369.9
54/150	23313.4
55/150	23338.3
56/150	23291.8
57/150	23299.2
58/150	23313
59/150	23298.2
60/150	23328.9
61/150	23287.2
62/150	23338.5
63/150	23327.3
64/150	23280.9
65/150	23334
66/150	23316.6
67/150	23324.9
68/150	23314.4
69/150	23359.6
70/150	23326.2
71/150	23285.8
72/150	23343
73/150	23301.5
74/150	23320.1
75/150	23325.2
76/150	23321.2
77/150	23320.6
78/150	23332.8
79/150	23297.3
80/150	23309.4
81/150	23332.8
82/150	23293.7
83/150	23321.6
84/150	23355.8
85/150	23326.1
86/150	23338.6
87/150	23333
88/150	23352.2
89/150	23308.5
90/150	23311
91/150	23312.7
92/150	23323.9
93/150	23300.5
94/150	23315.9
95/150	23325
96/150	23286.7
97/150	23323.7
98/150	23302.1
99/150	23314
100/150	23326.4
101/150	23303.1
102/150	23361.2
103/150	23303.5
104/150	23353.8
105/150	23332.7
106/150	23323.3
107/150	23352
108/150	23365.4
109/150	23321
110/150	23360.8
111/150	23326.1
112/150	23345.2
113/150	23330.6
114/150	23351.8
115/150	23362.9
116/150	23336.8
117/150	23300.8
118/150	23337.3
119/150	23349.9
120/150	23362.5
121/150	23351.6
122/150	23325.4
123/150	23328.9
124/150	23354.9
125/150	23269.8
126/150	23315.9
127/150	23322.7
128/150	23375.9
129/150	23333.6
130/150	23316.2
131/150	23316.9
132/150	23342.4
133/150	23356.4
134/150	23303.5
135/150	23315.5
136/150	23336.7
137/150	23343.8
138/150	23301.2
139/150	23291.5
140/150	23329
141/150	23379.8
142/150	23323.4
143/150	23325
144/150	23344.6
145/150	23340.5
146/150	23333.6
147/150	23333.6
148/150	23326.1
149/150	23334.1
