0/150	23310.8
1/150	23325.4
2/150	23277.6
3/150	23354
4/150	23353.1
5/150	23347.7
6/150	23323.4
7/150	23284.6
8/150	23351.1
9/150	23307.4
10/150	23328.6
11/150	23331.6
12/150	23333.9
13/150	23319.3
14/150	23349
15/150	23345.7
16/150	23271.2
17/150	23351.5
18/150	23337.2
19/150	23353.9
20/150	23327.3
21/150	23339.9
22/150	23344.8
23/150	23369.2
24/150	23348.6
25/150	23296.3
26/150	23342.6
27/150	23311
28/150	23343.8
29/150	23376.1
30/150	23323.1
31/150	23330.4
32/150	23291.4
33/150	23254.2
34/150	23304.8
35/150	23310.5
36/150	23326.2
37/150	23323.7
38/150	23349.5
39/150	23266.7
40/150	23318.7
41/150	23355.1
42/150	23346.6
43/150	23309.6
44/150	23353.4
45/150	23325
46/150	23327.6
47/150	23338.4
48/150	23321
49/150	23341.8
50/150	23318.3
51/150	23281.1
52/150	23341.9
53/150	23346.5
54/150	23337.4
55/150	23313.4
56/150	23321.6
57/150	23346.8
58/150	23304.9
59/150	23370.7
60/150	23289.8
61/150	23374.2
62/150	23367
63/150	23319.5
64/150	23276.5
65/150	23330
66/150	23342
67/150	23326
68/150	23322.8
69/150	23338.7
70/150	23267.1
71/150	23311.1
72/150	23319.4
73/150	23309.5
74/150	23310.1
75/150	23338.7
76/150	23364.6
77/150	23346.3
78/150	23352.2
79/150	23280.9
80/150	23343.3
81/150	23315.2
82/150	23381.3
83/150	23338.1
84/150	23344.2
85/150	23328.7
86/150	23325.8
87/150	23312.9
88/150	23301.8
89/150	23350
90/150	23350.8
91/150	23357.3
92/150	23350.5
93/150	23346.5
94/150	23347.1
95/150	23376.8
96/150	23282.2
97/150	23308.3
98/150	23357.4
99/150	23332.9
100/150	23296.2
101/150	23322.7
102/150	23327.5
103/150	23332.2
104/150	23322.6
105/150	23283.9
106/150	23314.8
107/150	23334.9
108/150	23316.9
109/150	23321.4
110/150	23363.7
111/150	23340.4
112/150	23341.1
113/150	23299.2
114/150	23349.2
115/150	23353.6
116/150	23291.5
117/150	23365.9
118/150	23332.7
119/150	23367.5
120/150	23335.5
121/150	23303.5
122/150	23337.7
123/150	23322.7
124/150	23356.5
125/150	23365.6
126/150	23336.8
127/150	23318.3
128/150	23350.3
129/150	23303.9
130/150	23337.8
131/150	23361.2
132/150	23314.6
133/150	23352.8
134/150	23317.2
135/150	23345.3
136/150	23336.9
137/150	23320.9
138/150	23349.1
139/150	23307.4
140/150	23302.8
141/150	23316.7
142/150	23310.9
143/150	23269.9
144/150	23307.4
145/150	23318.5
146/150	23304.2
147/150	23334.9
148/150	23356.4
149/150	23328.2
