0/150	23311.3
1/150	23346.1
2/150	23295.9
3/150	23330.3
4/150	23345.1
5/150	23357
6/150	23308.6
7/150	23329.2
8/150	23353
9/150	23323.4
10/150	23299.6
11/150	23326.4
12/150	23345.2
13/150	23326.4
14/150	23318.6
15/150	23336.8
16/150	23321.5
17/150	23353.3
18/150	23333.1
19/150	23323.2
20/150	23336.6
21/150	23350.7
22/150	23342.3
23/150	23347.6
24/150	23349.4
25/150	23356
26/150	23335.2
27/150	23301.3
28/150	23304.5
29/150	23316.9
30/150	23287.6
31/150	23315.1
32/150	23356.4
33/150	23344.3
34/150	23340.4
35/150	23292.5
36/150	23327.8
37/150	23342.9
38/150	23324.8
39/150	23358.5
40/150	23374.3
41/150	23353.2
42/150	23329.3
43/150	23351.4
44/150	23297.9
45/150	23311
46/150	23289.8
47/150	23317.8
48/150	23308.6
49/150	23348.1
50/150	23308.6
51/150	23336.9
52/150	23346.2
53/150	23370.9
54/150	23323.1
55/150	23352.2
56/150	23333.8
57/150	23335.5
58/150	23317.5
59/150	23329.9
60/150	23309.2
61/150	23320.3
62/150	23308.8
63/150	23321.8
64/150	23304.7
65/150	23358.7
66/150	23288.9
67/150	23280.7
68/150	23356
69/150	23319.1
70/150	23327.3
71/150	23305.6
72/150	23307.8
73/150	23330.5
74/150	23334.1
75/150	23300.5
76/150	23349.9
77/150	23299.2
78/150	23302.6
79/150	23301.4
80/150	23320.6
81/150	23326.8
82/150	23331.3
83/150	23300.7
84/150	23373.8
85/150	23344.1
86/150	23345.1
87/150	23347.4
88/150	23292
89/150	23338.8
90/150	23294.7
91/150	23354.9
92/150	23330.3
93/150	23334
94/150	23336.5
95/150	23320.8
96/150	23300.1
97/150	23345.1
98/150	23296.1
99/150	23328
100/150	23366.8
101/150	23349.9
102/150	23310.3
103/150	23323.4
104/150	23304
105/150	23328.7
106/150	23363
107/150	23333.4
108/150	23356.5
109/150	23357.1
110/150	23343.8
111/150	23336.1
112/150	23323.8
113/150	23293
114/150	23282.1
115/150	23347.3
116/150	23317.1
117/150	23347.1
118/150	23317.8
119/150	23326.8
120/150	23358.1
121/150	23325.3
122/150	23307.4
123/150	23275.6
124/150	23336.4
125/150	23318.5
126/150	23353
127/150	23315.9
128/150	23296.4
129/150	23328.5
130/150	23331.7
131/150	23302.7
132/150	23333.2
133/150	23344.4
134/150	23296.6
135/150	23359.4
136/150	23351.4
137/150	23295.4
138/150	23312.5
139/150	23330.9
140/150	23312.3
141/150	23368.8
142/150	23341.2
143/150	23328.1
144/150	23330.7
145/150	23342.4
146/150	23291
147/150	23345.5
148/150	23351
149/150	23381.7
