0/150	23340.2
1/150	23321.9
2/150	23358.3
3/150	23341.3
4/150	23355.2
5/150	23343.1
6/150	23364.3
7/150	23348.5
8/150	23335.2
9/150	23334.3
10/150	23308.7
11/150	23346
12/150	23337.1
13/150	23332.5
14/150	23351.7
15/150	23336.8
16/150	23322.7
17/150	23315.3
18/150	23339.7
19/150	23332
20/150	23319.5
21/150	23316.4
22/150	23373.5
23/150	23307.8
24/150	23277.8
25/150	23297
26/150	23314.3
27/150	23309.7
28/150	23313.9
29/150	23300.7
30/150	23333
31/150	23325
32/150	23324.6
33/150	23312.9
34/150	23342.2
35/150	23313.8
36/150	23340.3
37/150	23349.9
38/150	23312.8
39/150	23318.1
40/150	23304.5
41/150	23268.9
42/150	23324.1
43/150	23353.4
44/150	23330.1
45/150	23320.9
46/150	23301.6
47/150	23369.3
48/150	23341.6
49/150	23346.5
50/150	23298.7
51/150	23321.6
52/150	23324.9
53/150	23320.2
54/150	23342
55/150	23363
56/150	23322.3
57/150	23267.4
58/150	23308.2
59/150	23316.8
60/150	23282.6
61/150	23320
62/150	23350.2
63/150	23302.9
64/150	23335.1
65/150	23326
66/150	23338.7
67/150	23350.1
68/150	23341
69/150	23311.3
70/150	23320.6
71/150	23335.4
72/150	23308.2
73/150	23343.8
74/150	23335.7
75/150	23363.3
76/150	23339.3
77/150	23344.7
78/150	23333.7
79/150	23330.3
80/150	23311.8
81/150	23316.6
82/150	23344.3
83/150	23328.2
84/150	23340.4
85/150	23318.8
86/150	23338.4
87/150	23323.5
88/150	23316.6
89/150	23326.9
90/150	23333.5
91/150	23358.6
92/150	23341.4
93/150	23301.4
94/150	23342.6
95/150	23331.3
96/150	23310.2
97/150	23329.4
98/150	23353.6
99/150	23363.6
100/150	23360.2
101/150	23337.4
102/150	23271.4
103/150	23317.6
104/150	23333.1
105/150	23368.9
106/150	23349.1
107/150	23360.1
108/150	23319.2
109/150	23323.4
110/150	23336.6
111/150	23305.4
112/150	23320.1
113/150	23325.8
114/150	23329.6
115/150	23317.5
116/150	23275.1
117/150	23321.9
118/150	23345.6
119/150	23365.2
120/150	23275.1
121/150	23282.5
122/150	23345.5
123/150	23303.1
124/150	23314.4
125/150	23352.6
126/150	23334.9
127/150	23355.9
128/150	23287.9
129/150	23317.4
130/150	23336
131/150	23349.5
132/150	23318.2
133/150	23380.2
134/150	23310
135/150	23288.2
136/150	23309.9
137/150	23358.9
138/150	23352.5
139/150	23325
140/150	23295.9
141/150	23357.2
142/150	23314.7
143/150	23321.4
144/150	23328.1
145/150	23347.8
146/150	23342.7
147/150	23343.7
148/150	23327.6
149/150	23346.7
