0/150	23334.3
1/150	23304.6
2/150	23328.4
3/150	23319.1
4/150	23344
5/150	23334.3
6/150	23332
7/150	23290.9
8/150	23267.7
9/150	23316.3
10/150	23278.9
11/150	23337.8
12/150	23272.4
13/150	23346
14/150	23360.4
15/150	23332.6
16/150	23302.9
17/150	23307.7
18/150	23365.1
19/150	23344.9
20/150	23302.9
21/150	23344.2
22/150	23352.2
23/150	23312.9
24/150	23319.4
25/150	23303.7
26/150	23347.5
27/150	23352.7
28/150	23348.3
29/150	23321
30/150	23330.9
31/150	23344.9
32/150	23328.9
33/150	23295.3
34/150	23300.1
35/150	23319.7
36/150	23325.1
37/150	23333.7
38/150	23330
39/150	23318.8
40/150	23330.4
41/150	23339.2
42/150	23347.1
43/150	23308.5
44/150	23347.8
45/150	23327.5
46/150	23314.5
47/150	23344.1
48/150	23293.6
49/150	23293.1
50/150	23303.4
51/150	23342
52/150	23352.8
53/150	23351.3
54/150	23310.8
55/150	23315.8
56/150	23315.1
57/150	23323.8
58/150	23376.8
59/150	23333.2
60/150	23370.9
61/150	23303.6
62/150	23321.5
63/150	23334.6
64/150	23327.1
65/150	23323.9
66/150	23334
67/150	23351.4
68/150	23357.8
69/150	23323
70/150	23357.6
71/150	23244.2
72/150	23296.1
73/150	23284.4
74/150	23350.3
75/150	23373.1
76/150	23310.6
77/150	23297.3
78/150	23333
79/150	23371.5
80/150	23347.7
81/150	23351
82/150	23325.2
83/150	23356.7
84/150	23330.6
85/150	23336.9
86/150	23338.6
87/150	23318.3
88/150	23273.7
89/150	23330.9
90/150	23305
91/150	23301.3
92/150	23315.2
93/150	23342.4
94/150	23329.2
95/150	23338.3
96/150	23327.7
97/150	23324.9
98/150	23332.7
99/150	23362.3
100/150	23353.2
101/150	23338.8
102/150	23288.9
103/150	23372.2
104/150	23348.4
105/150	23300.6
106/150	23338.3
107/150	23327.9
108/150	23308.5
109/150	23301.3
110/150	23260.7
111/150	23317.1
112/150	23296.9
113/150	23339.8
114/150	23305.2
115/150	23326
116/150	23277.3
117/150	23326.2
118/150	23352.9
119/150	23357.2
120/150	23353.3
121/150	23327.1
122/150	23334.4
123/150	23342
124/150	23341.9
125/150	23293
126/150	23329.5
127/150	23343
128/150	23309.8
129/150	23368.7
130/150	23343.5
131/150	23335.7
132/150	23351.3
133/150	23304.8
134/150	23294.4
135/150	23368.1
136/150	23379
137/150	23342.7
138/150	23312.8
139/150	23351.3
140/150	23349.8
141/150	23350.4
142/150	23347.1
143/150	23303.6
144/150	23356
145/150	23264.5
146/150	23348.5
147/150	23353.6
148/150	23320.2
149/150	23336.1
