23284.2 38653.6 548442
23247.6 23355.4 548442
23242.6 23328.8 548442
23176.8 23301.1 548442
23164.1 23282.2 548442
23164.1 23256.8 548442
23164.1 23254.2 548442
23164.1 23249 548442
23164.1 23240 548442
23158.1 23228.6 548442
23158.1 23223.8 548442
23158.1 23215.7 548442
23158.1 23217 548442
23158.1 23207.7 548442
23158.1 23207.9 548442
23154.3 23209.4 548442
23154.3 23202.5 548442
23154.3 23199.1 548442
23154.3 23201.4 548442
23154.3 23200.6 548442
23154.2 23202 548442
23154.2 23190 548442
23154.2 23191.8 548442
23154.2 23196.1 548442
23154.2 23193.1 548442
23154.2 23192.4 548442
23154.2 23192.8 548442
23154.2 23190.7 548442
23154.2 23187.3 548442
23154.2 23187.2 548442
23154.2 23184.7 548442
23153.7 23184.8 548442
23153.7 23188.1 548442
23153.7 23191.3 548442
23153.7 23185.3 548442
23152.8 23179.6 548442
23152.8 23191.9 548442
23152.8 23185.6 548442
23152.8 23194 548442
23152.8 23192.7 548442
23152.8 23196.7 548442
23152.8 23193.7 548442
23149.7 23186.2 548442
23149.6 23192.4 548442
23149.6 23204.4 548442
23149.6 23204.8 548442
23149.6 23194.8 548442
23142.2 23189.6 548442
23142.2 23199.3 548442
23140.2 23192.8 548442
23140.2 23190 548442
23139 23193.9 548442
23139 23188.7 548442
23139 23190.2 548442
23139 23200.3 548442
23139 23205.5 548442
23138.9 23196 548442
23137.7 23183.6 548442
23137.7 23193.1 548442
23137.7 23181.6 548442
23137.7 23174.7 548442
23137.7 23188.2 548442
23137.7 23170.5 548442
23137.7 23170.7 548442
23137.7 23179.1 548442
23137.7 23179 548442
23137.7 23175.6 548442
23137.7 23165 548442
23137.7 23170.7 548442
23137.7 23175 548442
23137.7
