23246.5 23351.9 542988
23234.9 23300.9 542988
23189.4 23271.6 542988
23160.8 23243.5 542988
23157.1 23215.6 542988
23140.2 23189.3 542988
23140.2 23181.2 542988
23140.2 23184.2 542988
23140.2 23181.8 542988
23140.2 23182.9 542988
23137.8 23178 542988
23137.8 23177.6 542988
23137.8 23168.1 542988
23137.7 23176.4 542988
23137.7 23167.1 542988
23137.7 23168.8 542988
23137.7 23179.7 542988
23137.7 23169.1 542988
23137.7 23160.2 542988
23137.7 23160.8 542988
23137.7 23164.6 542988
23137.7 23166.8 542988
23137.7 23182.6 542988
23137.7 23160.7 542988
23137.7 23171.1 542988
23137.7 23171.1 542988
23137.7 23159.8 542988
23137.7 23159.7 542988
23137.7 23173 542988
23137.7 23162.1 542988
23137.7 23167.6 542988
23137.7 23178.1 542988
23137.7 23173.6 542988
23137.7 23164.3 542988
23137.7 23171.2 542988
23137.7 23172 542988
23137.7 23172.9 542988
23137.7 23166.3 542988
23137.7 23182 542988
23137.7 23179.1 542988
23137.7 23165.2 542988
23137.7 23161.3 542988
23137.7 23167 542988
23137.7 23181.4 542988
23137.7 23181.6 542988
23137.7 23189.5 542988
23137.7 23203.4 542988
23137.7 23172.5 542988
23137.7 23174.2 542988
23137.7 23165.1 542988
23137.7 23171.3 542988
23137.7 23164.4 542988
23137.7 23171 542988
23137.7 23168.5 542988
23137.7 23171.4 542988
23137.7 23177.7 542988
23137.7 23171 542988
23137.7 23169.1 542988
23137.7 23165.5 542988
23137.7 23182.1 542988
23137.7 23168.7 542988
23137.7 23179.2 542988
23137.7 23196.3 542988
23137.7 23162.7 542988
23137.7 23178.2 542988
23137.7 23164.2 542988
23137.7 23192.6 542988
23137.7 23161.9 542988
23137.7 23174.3 542988
23137.7 23171.1 542988
23137.7 23163 542988
23137.7 23178.9 542988
23137.7 23172.2 542988
23137.7 23187.5 542988
23137.7 23166.8 542988
23137.7
