23276.9 154308 551042
23254.5 38513.7 551042
23246.3 28375 551042
23222.3 23353.3 551042
23184 23335.2 551042
23183.1 23313.9 551042
23183.1 23300.2 551042
23183.1 23292.7 551042
23182.6 23284.9 551042
23178.7 23281.7 551042
23177.9 23272.1 551042
23177.9 23268.9 551042
23177.9 23263.6 551042
23159.6 23252.7 551042
23159.6 23250 551042
23159.6 23239.6 551042
23153 23241.3 551042
23153 23236 551042
23153 23239 551042
23153 23234.9 551042
23153 23227 551042
23152.1 23224.9 551042
23151.7 23218.3 551042
23142.3 23212.6 551042
23142.3 23207.8 551042
23142.3 23209.6 551042
23142.3 23212.5 551042
23142.3 23207.6 551042
23142.3 23206.5 551042
23142.3 23203.1 551042
23142.3 23203.9 551042
23142.3 23198.3 551042
23142.3 23195.6 551042
23142.3 23199.1 551042
23141.7 23194.9 551042
23141.7 23188.8 551042
23141.7 23200.2 551042
23141.7 23192.5 551042
23141.7 23184.9 551042
23141.7 23184.1 551042
23141.7 23181.4 551042
23141.7 23178.8 551042
23141.7 23179.3 551042
23141.7 23185 551042
23141.6 23177.6 551042
23141.6 23182 551042
23141.6 23180.8 551042
23141.6 23177.3 551042
23141.6 23172.6 551042
23141.6 23169.6 551042
23141.6 23170.7 551042
23141.6 23178.2 551042
23141.6 23178.7 551042
23141.6 23180.5 551042
23141.6 23183.1 551042
23141.6 23182.5 551042
23141.6 23181 551042
23141.6 23175.9 551042
23137.8 23171.9 551042
23137.8 23174.6 551042
23137.8 23171.9 551042
23137.8 23172.2 551042
23137.8 23170.1 551042
23137.8 23171.3 551042
23137.8 23164.7 551042
23137.8 23170.6 551042
23137.8 23174.2 551042
23137.7 23170.9 551042
23137.7 23165.1 551042
23137.7
