23298 325098 548715
23268.2 173221 548715
23268.2 77487 548715
23268.2 36004.8 548715
23246.1 28421.9 548715
23246.1 24652.6 548715
23232.7 23370.3 548715
23230.4 23356.7 548715
23228.4 23344.4 548715
23217 23335.3 548715
23217 23331.2 548715
23201.2 23325.4 548715
23201.2 23320.2 548715
23178.2 23309.4 548715
23178.2 23303.3 548715
23178.2 23298.1 548715
23178.2 23292.4 548715
23178.2 23289.3 548715
23178.2 23285.3 548715
23140.6 23275.7 548715
23140.6 23271.6 548715
23140.6 23267.2 548715
23140.6 23260 548715
23140.6 23258 548715
23140.6 23256.9 548715
23140.6 23257.7 548715
23140.6 23252.2 548715
23140.6 23248.8 548715
23140.6 23244.7 548715
23140.6 23242.5 548715
23140.6 23240.7 548715
23140.6 23237.1 548715
23140.6 23234.7 548715
23140.6 23232.2 548715
23140.6 23226.3 548715
23140.6 23222.6 548715
23140.6 23223.4 548715
23140.6 23222.7 548715
23140.6 23219.1 548715
23140.6 23219.7 548715
23140.6 23218.8 548715
23140.6 23214.8 548715
23140.6 23215.5 548715
23140.6 23213.6 548715
23140.6 23211.3 548715
23140.6 23205.5 548715
23140.6 23209.5 548715
23137.7 23210 548715
23137.7 23208.5 548715
23137.7 23207.8 548715
23137.7 23205.6 548715
23137.7 23204.9 548715
23137.7 23206.8 548715
23137.7 23204.2 548715
23137.7 23206.2 548715
23137.7 23203.7 548715
23137.7 23201.9 548715
23137.7 23200.1 548715
23137.7 23197.2 548715
23137.7 23197.3 548715
23137.7 23195.4 548715
23137.7 23196.2 548715
23137.7 23192.8 548715
23137.7
